#
# There is insufficient memory for the Java Runtime Environment to continue.
# Native memory allocation (malloc) failed to allocate 1693680 bytes for Chunk::new
# Possible reasons:
#   The system is out of physical RAM or swap space
#   The process is running with CompressedOops enabled, and the Java Heap may be blocking the growth of the native heap
# Possible solutions:
#   Reduce memory load on the system
#   Increase physical memory or swap space
#   Check if swap backing store is full
#   Decrease Java heap size (-Xmx/-Xms)
#   Decrease number of Java threads
#   Decrease Java thread stack sizes (-Xss)
#   Set larger code cache with -XX:ReservedCodeCacheSize=
#   JVM is running with Zero Based Compressed Oops mode in which the Java heap is
#     placed in the first 32GB address space. The Java Heap base address is the
#     maximum limit for the native heap growth. Please use -XX:HeapBaseMinAddress
#     to set the Java Heap base and to place the Java Heap above 32GB virtual address.
# This output file may be truncated or incomplete.
#
#  Out of Memory Error (allocation.cpp:389), pid=9552, tid=0x0000000000003bc8
#
# JRE version: Java(TM) SE Runtime Environment (8.0_301-b09) (build 1.8.0_301-b09)
# Java VM: Java HotSpot(TM) 64-Bit Server VM (25.301-b09 mixed mode windows-amd64 compressed oops)
# Failed to write core dump. Minidumps are not enabled by default on client versions of Windows
#

---------------  T H R E A D  ---------------

Current thread (0x0000014e9855b800):  JavaThread "C2 CompilerThread1" daemon [_thread_in_native, id=15304, stack(0x0000003265500000,0x0000003265600000)]

Stack: [0x0000003265500000,0x0000003265600000]
Native frames: (J=compiled Java code, j=interpreted, Vv=VM code, C=native code)
V  [jvm.dll+0x32ed79]
V  [jvm.dll+0x275722]
V  [jvm.dll+0x2763cd]
V  [jvm.dll+0x26ce05]
V  [jvm.dll+0xd551c]
V  [jvm.dll+0xd5d1c]
V  [jvm.dll+0x470195]
V  [jvm.dll+0x437e08]
V  [jvm.dll+0x440c55]
V  [jvm.dll+0x440015]
V  [jvm.dll+0x42ae57]
V  [jvm.dll+0xac1bb]
V  [jvm.dll+0xaa81b]
V  [jvm.dll+0x23ddc2]
V  [jvm.dll+0x2923dc]
C  [ucrtbase.dll+0x21bb2]
C  [KERNEL32.DLL+0x17034]
C  [ntdll.dll+0x52651]


Current CompileTask:
C2:  12599 6627       4       org.jetbrains.coverage.org.objectweb.asm.ClassReader::readCode (5089 bytes)


---------------  P R O C E S S  ---------------

Java Threads: ( => current thread )
  0x0000014e98c74800 JavaThread "HikariPool-1 connection adder" daemon [_thread_blocked, id=2640, stack(0x0000003265c00000,0x0000003265d00000)]
  0x0000014e9f9c9800 JavaThread "HikariPool-1 housekeeper" daemon [_thread_blocked, id=12244, stack(0x0000003265a00000,0x0000003265b00000)]
  0x0000014e99b48800 JavaThread "MVStore background writer nio:C:/Users/Tayfun/test.mv.db" daemon [_thread_blocked, id=14960, stack(0x0000003265b00000,0x0000003265c00000)]
  0x0000014e98641800 JavaThread "Service Thread" daemon [_thread_blocked, id=1164, stack(0x0000003265800000,0x0000003265900000)]
  0x0000014e98592000 JavaThread "C1 CompilerThread3" daemon [_thread_blocked, id=2296, stack(0x0000003265700000,0x0000003265800000)]
  0x0000014e98577000 JavaThread "C2 CompilerThread2" daemon [_thread_in_native, id=8932, stack(0x0000003265600000,0x0000003265700000)]
=>0x0000014e9855b800 JavaThread "C2 CompilerThread1" daemon [_thread_in_native, id=15304, stack(0x0000003265500000,0x0000003265600000)]
  0x0000014e98558000 JavaThread "C2 CompilerThread0" daemon [_thread_in_native, id=3792, stack(0x0000003265400000,0x0000003265500000)]
  0x0000014e98575000 JavaThread "Monitor Ctrl-Break" daemon [_thread_in_native, id=16564, stack(0x0000003265300000,0x0000003265400000)]
  0x0000014eff8c9000 JavaThread "Attach Listener" daemon [_thread_blocked, id=17296, stack(0x0000003265200000,0x0000003265300000)]
  0x0000014eff8c8000 JavaThread "Signal Dispatcher" daemon [_thread_blocked, id=14480, stack(0x0000003265100000,0x0000003265200000)]
  0x0000014efba4d000 JavaThread "Finalizer" daemon [_thread_blocked, id=15900, stack(0x0000003265000000,0x0000003265100000)]
  0x0000014eff8a7000 JavaThread "Reference Handler" daemon [_thread_blocked, id=4160, stack(0x0000003264f00000,0x0000003265000000)]
  0x0000014efb9a6800 JavaThread "main" [_thread_in_vm, id=3524, stack(0x0000003264500000,0x0000003264600000)]

Other Threads:
  0x0000014eff881800 VMThread [stack: 0x0000003264e00000,0x0000003264f00000] [id=3964]
  0x0000014e986a0800 WatcherThread [stack: 0x0000003265900000,0x0000003265a00000] [id=3276]

VM state:not at safepoint (normal execution)

VM Mutex/Monitor currently owned by a thread: None

heap address: 0x00000006c2400000, size: 4060 MB, Compressed Oops mode: Zero based, Oop shift amount: 3
Narrow klass base: 0x0000000000000000, Narrow klass shift: 3
Compressed class space size: 1073741824 Address: 0x00000007c0000000

Heap:
 PSYoungGen      total 457216K, used 76654K [0x000000076b700000, 0x0000000791080000, 0x00000007c0000000)
  eden space 427008K, 12% used [0x000000076b700000,0x000000076e9fab18,0x0000000785800000)
  from space 30208K, 80% used [0x0000000785800000,0x0000000786fe0e10,0x0000000787580000)
  to   space 42496K, 0% used [0x000000078e700000,0x000000078e700000,0x0000000791080000)
 ParOldGen       total 247808K, used 62302K [0x00000006c2400000, 0x00000006d1600000, 0x000000076b700000)
  object space 247808K, 25% used [0x00000006c2400000,0x00000006c60d7b30,0x00000006d1600000)
 Metaspace       used 67945K, capacity 71534K, committed 71808K, reserved 1112064K
  class space    used 8200K, capacity 8801K, committed 8832K, reserved 1048576K

Card table byte_map: [0x0000014efd720000,0x0000014efdf10000] byte_map_base: 0x0000014efa10e000

Marking Bits: (ParMarkBitMap*) 0x0000000060bf7fe0
 Begin Bits: [0x0000014e8f000000, 0x0000014e92f70000)
 End Bits:   [0x0000014e92f70000, 0x0000014e96ee0000)

Polling page: 0x0000014efbb00000

CodeCache: size=245760Kb used=21464Kb max_used=21464Kb free=224295Kb
 bounds [0x0000014e80000000, 0x0000014e81510000, 0x0000014e8f000000]
 total_blobs=6271 nmethods=5733 adapters=449
 compilation: enabled

Compilation events (10 events):
Event: 12.441 Thread 0x0000014e98592000 6770       2       org.springframework.util.MimeType::__$lineHitsInit$__ (16 bytes)
Event: 12.441 Thread 0x0000014e98592000 nmethod 6770 0x0000014e81507e10 code [0x0000014e81507f80, 0x0000014e81508110]
Event: 12.442 Thread 0x0000014e98592000 6771       2       com.fasterxml.jackson.databind.type.ClassKey::<init> (81 bytes)
Event: 12.442 Thread 0x0000014e98592000 nmethod 6771 0x0000014e81508190 code [0x0000014e81508320, 0x0000014e815086b0]
Event: 12.442 Thread 0x0000014e98592000 6772       2       com.fasterxml.jackson.databind.type.ClassKey::hashCode (21 bytes)
Event: 12.443 Thread 0x0000014e98592000 nmethod 6772 0x0000014e815088d0 code [0x0000014e81508a40, 0x0000014e81508c50]
Event: 12.516 Thread 0x0000014e98592000 6773       2       com.fasterxml.jackson.databind.JavaType::__$lineHitsInit$__ (15 bytes)
Event: 12.516 Thread 0x0000014e98592000 nmethod 6773 0x0000014e81508d50 code [0x0000014e81508ec0, 0x0000014e81509050]
Event: 12.527 Thread 0x0000014e98592000 6774       2       com.fasterxml.jackson.databind.type.TypeFactory::__$lineHitsInit$__ (16 bytes)
Event: 12.527 Thread 0x0000014e98592000 nmethod 6774 0x0000014e815090d0 code [0x0000014e81509240, 0x0000014e815093f0]

GC Heap History (10 events):
Event: 6.145 GC heap before
{Heap before GC invocations=8 (full 2):
 PSYoungGen      total 452608K, used 24122K [0x000000076b700000, 0x0000000789300000, 0x00000007c0000000)
  eden space 427008K, 0% used [0x000000076b700000,0x000000076b700000,0x0000000785800000)
  from space 25600K, 94% used [0x0000000787680000,0x0000000788e0e9b8,0x0000000788f80000)
  to   space 30208K, 0% used [0x0000000785800000,0x0000000785800000,0x0000000787580000)
 ParOldGen       total 106496K, used 26225K [0x00000006c2400000, 0x00000006c8c00000, 0x000000076b700000)
  object space 106496K, 24% used [0x00000006c2400000,0x00000006c3d9c498,0x00000006c8c00000)
 Metaspace       used 33320K, capacity 35402K, committed 35496K, reserved 1081344K
  class space    used 3932K, capacity 4341K, committed 4352K, reserved 1048576K
Event: 6.190 GC heap after
Heap after GC invocations=8 (full 2):
 PSYoungGen      total 452608K, used 0K [0x000000076b700000, 0x0000000789300000, 0x00000007c0000000)
  eden space 427008K, 0% used [0x000000076b700000,0x000000076b700000,0x0000000785800000)
  from space 25600K, 0% used [0x0000000787680000,0x0000000787680000,0x0000000788f80000)
  to   space 30208K, 0% used [0x0000000785800000,0x0000000785800000,0x0000000787580000)
 ParOldGen       total 177664K, used 36519K [0x00000006c2400000, 0x00000006cd180000, 0x000000076b700000)
  object space 177664K, 20% used [0x00000006c2400000,0x00000006c47a9fa0,0x00000006cd180000)
 Metaspace       used 33320K, capacity 35402K, committed 35496K, reserved 1081344K
  class space    used 3932K, capacity 4341K, committed 4352K, reserved 1048576K
}
Event: 8.674 GC heap before
{Heap before GC invocations=9 (full 2):
 PSYoungGen      total 452608K, used 427008K [0x000000076b700000, 0x0000000789300000, 0x00000007c0000000)
  eden space 427008K, 100% used [0x000000076b700000,0x0000000785800000,0x0000000785800000)
  from space 25600K, 0% used [0x0000000787680000,0x0000000787680000,0x0000000788f80000)
  to   space 30208K, 0% used [0x0000000785800000,0x0000000785800000,0x0000000787580000)
 ParOldGen       total 177664K, used 36519K [0x00000006c2400000, 0x00000006cd180000, 0x000000076b700000)
  object space 177664K, 20% used [0x00000006c2400000,0x00000006c47a9fa0,0x00000006cd180000)
 Metaspace       used 50283K, capacity 52794K, committed 53120K, reserved 1095680K
  class space    used 5989K, capacity 6467K, committed 6528K, reserved 1048576K
Event: 8.696 GC heap after
Heap after GC invocations=9 (full 2):
 PSYoungGen      total 457216K, used 30181K [0x000000076b700000, 0x0000000789300000, 0x00000007c0000000)
  eden space 427008K, 0% used [0x000000076b700000,0x000000076b700000,0x0000000785800000)
  from space 30208K, 99% used [0x0000000785800000,0x00000007875796a0,0x0000000787580000)
  to   space 25600K, 0% used [0x0000000787680000,0x0000000787680000,0x0000000788f80000)
 ParOldGen       total 177664K, used 39914K [0x00000006c2400000, 0x00000006cd180000, 0x000000076b700000)
  object space 177664K, 22% used [0x00000006c2400000,0x00000006c4afa878,0x00000006cd180000)
 Metaspace       used 50283K, capacity 52794K, committed 53120K, reserved 1095680K
  class space    used 5989K, capacity 6467K, committed 6528K, reserved 1048576K
}
Event: 9.321 GC heap before
{Heap before GC invocations=10 (full 2):
 PSYoungGen      total 457216K, used 181433K [0x000000076b700000, 0x0000000789300000, 0x00000007c0000000)
  eden space 427008K, 35% used [0x000000076b700000,0x0000000774ab50b8,0x0000000785800000)
  from space 30208K, 99% used [0x0000000785800000,0x00000007875796a0,0x0000000787580000)
  to   space 25600K, 0% used [0x0000000787680000,0x0000000787680000,0x0000000788f80000)
 ParOldGen       total 177664K, used 39914K [0x00000006c2400000, 0x00000006cd180000, 0x000000076b700000)
  object space 177664K, 22% used [0x00000006c2400000,0x00000006c4afa878,0x00000006cd180000)
 Metaspace       used 56370K, capacity 58954K, committed 59160K, reserved 1101824K
  class space    used 6828K, capacity 7293K, committed 7296K, reserved 1048576K
Event: 9.339 GC heap after
Heap after GC invocations=10 (full 2):
 PSYoungGen      total 452608K, used 25597K [0x000000076b700000, 0x0000000789300000, 0x00000007c0000000)
  eden space 427008K, 0% used [0x000000076b700000,0x000000076b700000,0x0000000785800000)
  from space 25600K, 99% used [0x0000000787680000,0x0000000788f7f588,0x0000000788f80000)
  to   space 30208K, 0% used [0x0000000785800000,0x0000000785800000,0x0000000787580000)
 ParOldGen       total 177664K, used 49170K [0x00000006c2400000, 0x00000006cd180000, 0x000000076b700000)
  object space 177664K, 27% used [0x00000006c2400000,0x00000006c54049a0,0x00000006cd180000)
 Metaspace       used 56370K, capacity 58954K, committed 59160K, reserved 1101824K
  class space    used 6828K, capacity 7293K, committed 7296K, reserved 1048576K
}
Event: 9.339 GC heap before
{Heap before GC invocations=11 (full 3):
 PSYoungGen      total 452608K, used 25597K [0x000000076b700000, 0x0000000789300000, 0x00000007c0000000)
  eden space 427008K, 0% used [0x000000076b700000,0x000000076b700000,0x0000000785800000)
  from space 25600K, 99% used [0x0000000787680000,0x0000000788f7f588,0x0000000788f80000)
  to   space 30208K, 0% used [0x0000000785800000,0x0000000785800000,0x0000000787580000)
 ParOldGen       total 177664K, used 49170K [0x00000006c2400000, 0x00000006cd180000, 0x000000076b700000)
  object space 177664K, 27% used [0x00000006c2400000,0x00000006c54049a0,0x00000006cd180000)
 Metaspace       used 56370K, capacity 58954K, committed 59160K, reserved 1101824K
  class space    used 6828K, capacity 7293K, committed 7296K, reserved 1048576K
Event: 9.469 GC heap after
Heap after GC invocations=11 (full 3):
 PSYoungGen      total 452608K, used 0K [0x000000076b700000, 0x0000000789300000, 0x00000007c0000000)
  eden space 427008K, 0% used [0x000000076b700000,0x000000076b700000,0x0000000785800000)
  from space 25600K, 0% used [0x0000000787680000,0x0000000787680000,0x0000000788f80000)
  to   space 30208K, 0% used [0x0000000785800000,0x0000000785800000,0x0000000787580000)
 ParOldGen       total 247808K, used 62294K [0x00000006c2400000, 0x00000006d1600000, 0x000000076b700000)
  object space 247808K, 25% used [0x00000006c2400000,0x00000006c60d5b30,0x00000006d1600000)
 Metaspace       used 56370K, capacity 58954K, committed 59160K, reserved 1101824K
  class space    used 6828K, capacity 7293K, committed 7296K, reserved 1048576K
}
Event: 12.131 GC heap before
{Heap before GC invocations=12 (full 3):
 PSYoungGen      total 452608K, used 427008K [0x000000076b700000, 0x0000000789300000, 0x00000007c0000000)
  eden space 427008K, 100% used [0x000000076b700000,0x0000000785800000,0x0000000785800000)
  from space 25600K, 0% used [0x0000000787680000,0x0000000787680000,0x0000000788f80000)
  to   space 30208K, 0% used [0x0000000785800000,0x0000000785800000,0x0000000787580000)
 ParOldGen       total 247808K, used 62294K [0x00000006c2400000, 0x00000006d1600000, 0x000000076b700000)
  object space 247808K, 25% used [0x00000006c2400000,0x00000006c60d5b30,0x00000006d1600000)
 Metaspace       used 67083K, capacity 70562K, committed 70656K, reserved 1112064K
  class space    used 8099K, capacity 8697K, committed 8704K, reserved 1048576K
Event: 12.153 GC heap after
Heap after GC invocations=12 (full 3):
 PSYoungGen      total 457216K, used 24451K [0x000000076b700000, 0x0000000791080000, 0x00000007c0000000)
  eden space 427008K, 0% used [0x000000076b700000,0x000000076b700000,0x0000000785800000)
  from space 30208K, 80% used [0x0000000785800000,0x0000000786fe0e10,0x0000000787580000)
  to   space 42496K, 0% used [0x000000078e700000,0x000000078e700000,0x0000000791080000)
 ParOldGen       total 247808K, used 62302K [0x00000006c2400000, 0x00000006d1600000, 0x000000076b700000)
  object space 247808K, 25% used [0x00000006c2400000,0x00000006c60d7b30,0x00000006d1600000)
 Metaspace       used 67083K, capacity 70562K, committed 70656K, reserved 1112064K
  class space    used 8099K, capacity 8697K, committed 8704K, reserved 1048576K
}

Deoptimization events (10 events):
Event: 11.233 Thread 0x0000014efb9a6800 Uncommon trap: reason=bimorphic action=maybe_recompile pc=0x0000014e81024af8 method=org.springframework.core.SerializableTypeWrapper.unwrap(Ljava/lang/reflect/Type;)Ljava/lang/reflect/Type; @ 52
Event: 11.233 Thread 0x0000014efb9a6800 Uncommon trap: reason=bimorphic action=maybe_recompile pc=0x0000014e81024af8 method=org.springframework.core.SerializableTypeWrapper.unwrap(Ljava/lang/reflect/Type;)Ljava/lang/reflect/Type; @ 52
Event: 11.239 Thread 0x0000014efb9a6800 Uncommon trap: reason=null_check action=make_not_entrant pc=0x0000014e802bf3cc method=org.springframework.util.ClassUtils.isAssignable(Ljava/lang/Class;Ljava/lang/Class;)Z @ 50
Event: 11.318 Thread 0x0000014efb9a6800 Uncommon trap: reason=unstable_if action=reinterpret pc=0x0000014e812104ac method=org.springframework.core.annotation.TypeMappedAnnotations$IsPresent.doWithAnnotations(Ljava/lang/Object;ILjava/lang/Object;[Ljava/lang/annotation/Annotation;)Ljava/lang/Bool
Event: 11.631 Thread 0x0000014efb9a6800 Uncommon trap: reason=unstable_if action=reinterpret pc=0x0000014e8112b1e4 method=org.springframework.core.annotation.AnnotationsScanner.processClassHierarchy(Ljava/lang/Object;[ILjava/lang/Class;Lorg/springframework/core/annotation/AnnotationsProcessor;Z
Event: 11.658 Thread 0x0000014efb9a6800 Uncommon trap: reason=class_check action=maybe_recompile pc=0x0000014e81034e24 method=org.jetbrains.coverage.org.objectweb.asm.ClassReader.readCode(Lorg/jetbrains/coverage/org/objectweb/asm/MethodVisitor;Lorg/jetbrains/coverage/org/objectweb/asm/Context;I
Event: 11.712 Thread 0x0000014efb9a6800 Uncommon trap: reason=unstable_if action=reinterpret pc=0x0000014e8075b698 method=org.springframework.util.ObjectUtils.nullSafeEquals(Ljava/lang/Object;Ljava/lang/Object;)Z @ 46
Event: 12.174 Thread 0x0000014efb9a6800 Uncommon trap: reason=unstable_if action=reinterpret pc=0x0000014e811aed64 method=org.springframework.beans.factory.support.AbstractBeanFactory.isTypeMatch(Ljava/lang/String;Lorg/springframework/core/ResolvableType;Z)Z @ 1237
Event: 12.409 Thread 0x0000014efb9a6800 Uncommon trap: reason=unstable_if action=reinterpret pc=0x0000014e80122ac0 method=java.util.concurrent.ConcurrentHashMap.get(Ljava/lang/Object;)Ljava/lang/Object; @ 86
Event: 12.409 Thread 0x0000014efb9a6800 Uncommon trap: reason=unstable_if action=reinterpret pc=0x0000014e814140d4 method=java.util.concurrent.ConcurrentHashMap.putVal(Ljava/lang/Object;Ljava/lang/Object;Z)Ljava/lang/Object; @ 152

Classes redefined (0 events):
No events

Internal exceptions (10 events):
Event: 12.420 Thread 0x0000014efb9a6800 Exception <a 'java/lang/ClassNotFoundException': org/springframework/http/converter/AbstractHttpMessageConverterCustomizer> (0x000000076d61f310) thrown at [C:\jenkins\workspace\8-2-build-windows-amd64-cygwin\jdk8u301\1513\hotspot\src\share\vm\classfile\sy
Event: 12.421 Thread 0x0000014efb9a6800 Exception <a 'java/lang/ClassNotFoundException': org/springframework/http/converter/AbstractGenericHttpMessageConverterCustomizer> (0x000000076d655918) thrown at [C:\jenkins\workspace\8-2-build-windows-amd64-cygwin\jdk8u301\1513\hotspot\src\share\vm\class
Event: 12.423 Thread 0x0000014efb9a6800 Exception <a 'java/lang/ClassNotFoundException': org/springframework/http/converter/json/AbstractJackson2HttpMessageConverterCustomizer> (0x000000076d68d088) thrown at [C:\jenkins\workspace\8-2-build-windows-amd64-cygwin\jdk8u301\1513\hotspot\src\share\vm
Event: 12.424 Thread 0x0000014efb9a6800 Exception <a 'java/lang/ClassNotFoundException': org/springframework/http/converter/json/MappingJackson2HttpMessageConverterCustomizer> (0x000000076d6d2080) thrown at [C:\jenkins\workspace\8-2-build-windows-amd64-cygwin\jdk8u301\1513\hotspot\src\share\vm\
Event: 12.426 Thread 0x0000014efb9a6800 Exception <a 'java/lang/ClassNotFoundException': org/springframework/http/converter/GenericHttpMessageConverterCustomizer> (0x000000076d706618) thrown at [C:\jenkins\workspace\8-2-build-windows-amd64-cygwin\jdk8u301\1513\hotspot\src\share\vm\classfile\sys
Event: 12.427 Thread 0x0000014efb9a6800 Exception <a 'java/lang/ClassNotFoundException': org/springframework/http/converter/HttpMessageConverterCustomizer> (0x000000076d733df8) thrown at [C:\jenkins\workspace\8-2-build-windows-amd64-cygwin\jdk8u301\1513\hotspot\src\share\vm\classfile\systemDict
Event: 12.428 Thread 0x0000014efb9a6800 Exception <a 'java/lang/ClassNotFoundException': org/springframework/http/converter/HttpMessageConverterCustomizer> (0x000000076d75f098) thrown at [C:\jenkins\workspace\8-2-build-windows-amd64-cygwin\jdk8u301\1513\hotspot\src\share\vm\classfile\systemDict
Event: 12.447 Thread 0x0000014efb9a6800 Exception <a 'java/lang/ClassNotFoundException': java/lang/ObjectCustomizer> (0x000000076d89c7a0) thrown at [C:\jenkins\workspace\8-2-build-windows-amd64-cygwin\jdk8u301\1513\hotspot\src\share\vm\classfile\systemDictionary.cpp, line 212]
Event: 12.448 Thread 0x0000014efb9a6800 Exception <a 'java/lang/ClassNotFoundException': org/springframework/boot/autoconfigure/http/HttpMessageConvertersCustomizer> (0x000000076d8ca160) thrown at [C:\jenkins\workspace\8-2-build-windows-amd64-cygwin\jdk8u301\1513\hotspot\src\share\vm\classfile\
Event: 12.449 Thread 0x0000014efb9a6800 Exception <a 'java/lang/ClassNotFoundException': java/lang/IterableCustomizer> (0x000000076d8de858) thrown at [C:\jenkins\workspace\8-2-build-windows-amd64-cygwin\jdk8u301\1513\hotspot\src\share\vm\classfile\systemDictionary.cpp, line 212]

Events (10 events):
Event: 12.547 loading class com/fasterxml/jackson/databind/deser/std/NumberDeserializers$DoubleDeserializer
Event: 12.547 loading class com/fasterxml/jackson/databind/deser/std/NumberDeserializers$DoubleDeserializer done
Event: 12.548 loading class com/fasterxml/jackson/databind/deser/std/NumberDeserializers$CharacterDeserializer
Event: 12.548 loading class com/fasterxml/jackson/databind/deser/std/NumberDeserializers$CharacterDeserializer done
Event: 12.550 loading class com/fasterxml/jackson/databind/deser/std/NumberDeserializers$ByteDeserializer
Event: 12.550 loading class com/fasterxml/jackson/databind/deser/std/NumberDeserializers$ByteDeserializer done
Event: 12.551 loading class com/fasterxml/jackson/databind/deser/std/NumberDeserializers$ShortDeserializer
Event: 12.551 loading class com/fasterxml/jackson/databind/deser/std/NumberDeserializers$ShortDeserializer done
Event: 12.552 loading class com/fasterxml/jackson/databind/deser/std/NumberDeserializers$FloatDeserializer
Event: 12.552 loading class com/fasterxml/jackson/databind/deser/std/NumberDeserializers$FloatDeserializer done


Dynamic libraries:
0x00007ff670540000 - 0x00007ff670587000 	C:\Program Files\Java\jdk1.8.0_301\bin\java.exe
0x00007ffae00b0000 - 0x00007ffae02a5000 	C:\Windows\SYSTEM32\ntdll.dll
0x00007ffadfa40000 - 0x00007ffadfafd000 	C:\Windows\System32\KERNEL32.DLL
0x00007ffaddad0000 - 0x00007ffaddd99000 	C:\Windows\System32\KERNELBASE.dll
0x00007ffadf440000 - 0x00007ffadf4ec000 	C:\Windows\System32\ADVAPI32.dll
0x00007ffadfdb0000 - 0x00007ffadfe4e000 	C:\Windows\System32\msvcrt.dll
0x00007ffade8b0000 - 0x00007ffade94b000 	C:\Windows\System32\sechost.dll
0x00007ffadeac0000 - 0x00007ffadebea000 	C:\Windows\System32\RPCRT4.dll
0x00007ffaded40000 - 0x00007ffadeee0000 	C:\Windows\System32\USER32.dll
0x00007ffaddf30000 - 0x00007ffaddf52000 	C:\Windows\System32\win32u.dll
0x00007ffadffe0000 - 0x00007ffae000a000 	C:\Windows\System32\GDI32.dll
0x00007ffadd930000 - 0x00007ffadda3b000 	C:\Windows\System32\gdi32full.dll
0x00007ffadd7e0000 - 0x00007ffadd87d000 	C:\Windows\System32\msvcp_win.dll
0x00007ffaddda0000 - 0x00007ffaddea0000 	C:\Windows\System32\ucrtbase.dll
0x00007ffac3260000 - 0x00007ffac34fa000 	C:\Windows\WinSxS\amd64_microsoft.windows.common-controls_6595b64144ccf1df_6.0.19041.1110_none_60b5254171f9507e\COMCTL32.dll
0x00007ffadebf0000 - 0x00007ffadec20000 	C:\Windows\System32\IMM32.DLL
0x00007ffad5a50000 - 0x00007ffad5a65000 	C:\Program Files\Java\jdk1.8.0_301\jre\bin\vcruntime140.dll
0x00007ffad2840000 - 0x00007ffad28db000 	C:\Program Files\Java\jdk1.8.0_301\jre\bin\msvcp140.dll
0x0000000060410000 - 0x0000000060c70000 	C:\Program Files\Java\jdk1.8.0_301\jre\bin\server\jvm.dll
0x00007ffadeab0000 - 0x00007ffadeab8000 	C:\Windows\System32\PSAPI.DLL
0x00007ffac2840000 - 0x00007ffac2849000 	C:\Windows\SYSTEM32\WSOCK32.dll
0x00007ffabe6b0000 - 0x00007ffabe6d7000 	C:\Windows\SYSTEM32\WINMM.dll
0x00007ffadeee0000 - 0x00007ffadef4b000 	C:\Windows\System32\WS2_32.dll
0x00007ffad37d0000 - 0x00007ffad37da000 	C:\Windows\SYSTEM32\VERSION.dll
0x00007ffadc030000 - 0x00007ffadc042000 	C:\Windows\SYSTEM32\kernel.appcore.dll
0x00007ffad5a40000 - 0x00007ffad5a50000 	C:\Program Files\Java\jdk1.8.0_301\jre\bin\verify.dll
0x00007ffad4b10000 - 0x00007ffad4b3b000 	C:\Program Files\Java\jdk1.8.0_301\jre\bin\java.dll
0x00007ffac5fa0000 - 0x00007ffac5fd0000 	C:\Program Files\Java\jdk1.8.0_301\jre\bin\instrument.dll
0x00007ffad47f0000 - 0x00007ffad4808000 	C:\Program Files\Java\jdk1.8.0_301\jre\bin\zip.dll
0x00007ffade110000 - 0x00007ffade84f000 	C:\Windows\System32\SHELL32.dll
0x00007ffadb890000 - 0x00007ffadc020000 	C:\Windows\SYSTEM32\windows.storage.dll
0x00007ffadf0e0000 - 0x00007ffadf435000 	C:\Windows\System32\combase.dll
0x00007ffadd150000 - 0x00007ffadd17c000 	C:\Windows\SYSTEM32\Wldp.dll
0x00007ffadea00000 - 0x00007ffadeaae000 	C:\Windows\System32\SHCORE.dll
0x00007ffae0010000 - 0x00007ffae0065000 	C:\Windows\System32\shlwapi.dll
0x00007ffadd720000 - 0x00007ffadd73f000 	C:\Windows\SYSTEM32\profapi.dll
0x00007ffac5be0000 - 0x00007ffac5bfa000 	C:\Program Files\JetBrains\IntelliJ IDEA 2021.2\bin\breakgen64.dll
0x00007ffad4750000 - 0x00007ffad476c000 	C:\Program Files\Java\jdk1.8.0_301\jre\bin\net.dll
0x00007ffadcf40000 - 0x00007ffadcfaa000 	C:\Windows\system32\mswsock.dll
0x00007ffad30f0000 - 0x00007ffad3103000 	C:\Program Files\Java\jdk1.8.0_301\jre\bin\nio.dll
0x00007ffad4e20000 - 0x00007ffad4e2d000 	C:\Program Files\Java\jdk1.8.0_301\jre\bin\management.dll
0x00007ffa78450000 - 0x00007ffa78467000 	C:\Windows\system32\napinsp.dll
0x00007ffa75050000 - 0x00007ffa7506b000 	C:\Windows\system32\pnrpnsp.dll
0x00007ffaa6280000 - 0x00007ffaa6295000 	C:\Windows\system32\wshbth.dll
0x00007ffad76a0000 - 0x00007ffad76bd000 	C:\Windows\system32\NLAapi.dll
0x00007ffadcc00000 - 0x00007ffadcc3b000 	C:\Windows\SYSTEM32\IPHLPAPI.DLL
0x00007ffadcc50000 - 0x00007ffadcd1c000 	C:\Windows\SYSTEM32\DNSAPI.dll
0x00007ffadfb00000 - 0x00007ffadfb08000 	C:\Windows\System32\NSI.dll
0x00007ffa74680000 - 0x00007ffa74692000 	C:\Windows\System32\winrnr.dll
0x0000000063260000 - 0x0000000063286000 	C:\Program Files\Bonjour\mdnsNSP.dll
0x00007fface4c0000 - 0x00007fface4ca000 	C:\Windows\System32\rasadhlp.dll
0x00007ffad1cb0000 - 0x00007ffad1d2f000 	C:\Windows\System32\fwpuclnt.dll
0x00007ffaddea0000 - 0x00007ffaddec7000 	C:\Windows\System32\bcrypt.dll
0x00007ffadd1a0000 - 0x00007ffadd1b8000 	C:\Windows\SYSTEM32\CRYPTSP.dll
0x00007ffadc870000 - 0x00007ffadc8a4000 	C:\Windows\system32\rsaenh.dll
0x00007ffadd6e0000 - 0x00007ffadd70e000 	C:\Windows\SYSTEM32\USERENV.dll
0x00007ffadda40000 - 0x00007ffaddac3000 	C:\Windows\System32\bcryptprimitives.dll
0x00007ffadd180000 - 0x00007ffadd18c000 	C:\Windows\SYSTEM32\CRYPTBASE.dll
0x00007ffad22c0000 - 0x00007ffad22d7000 	C:\Windows\SYSTEM32\dhcpcsvc6.DLL
0x00007ffad2250000 - 0x00007ffad226d000 	C:\Windows\SYSTEM32\dhcpcsvc.DLL
0x00007ffadb5a0000 - 0x00007ffadb784000 	C:\Windows\SYSTEM32\dbghelp.dll

VM Arguments:
jvm_args: -ea -javaagent:C:\Users\Tayfun\AppData\Local\JetBrains\IntelliJIdea2021.2\testAgent\intellij-coverage-agent-1.0.589.jar=C:\Users\Tayfun\AppData\Local\Temp\coverage494args -Didea.new.sampling.coverage=true -Dcoverage.ignore.private.constructor.util.class=true -Didea.test.cyclic.buffer.size=1048576 -javaagent:C:\Program Files\JetBrains\IntelliJ IDEA 2021.2\lib\idea_rt.jar=56383:C:\Program Files\JetBrains\IntelliJ IDEA 2021.2\bin -Dfile.encoding=UTF-8 
java_command: com.intellij.rt.junit.JUnitStarter -ideVersion5 -junit5 @w@C:\Users\Tayfun\AppData\Local\Temp\idea_working_dirs_junit1.tmp @C:\Users\Tayfun\AppData\Local\Temp\idea_junit1.tmp -socket56382
java_class_path (initial): C:\Program Files\JetBrains\IntelliJ IDEA 2021.2\lib\idea_rt.jar;C:\Users\Tayfun\.m2\repository\org\junit\platform\junit-platform-launcher\1.7.2\junit-platform-launcher-1.7.2.jar;C:\Program Files\JetBrains\IntelliJ IDEA 2021.2\plugins\junit\lib\junit5-rt.jar;C:\Program Files\JetBrains\IntelliJ IDEA 2021.2\plugins\junit\lib\junit-rt.jar;C:\Program Files\Java\jdk1.8.0_301\jre\lib\charsets.jar;C:\Program Files\Java\jdk1.8.0_301\jre\lib\deploy.jar;C:\Program Files\Java\jdk1.8.0_301\jre\lib\ext\access-bridge-64.jar;C:\Program Files\Java\jdk1.8.0_301\jre\lib\ext\cldrdata.jar;C:\Program Files\Java\jdk1.8.0_301\jre\lib\ext\dnsns.jar;C:\Program Files\Java\jdk1.8.0_301\jre\lib\ext\jaccess.jar;C:\Program Files\Java\jdk1.8.0_301\jre\lib\ext\jfxrt.jar;C:\Program Files\Java\jdk1.8.0_301\jre\lib\ext\localedata.jar;C:\Program Files\Java\jdk1.8.0_301\jre\lib\ext\nashorn.jar;C:\Program Files\Java\jdk1.8.0_301\jre\lib\ext\sunec.jar;C:\Program Files\Java\jdk1.8.0_301\jre\lib\ext\sunjce_provider.jar;C:\Program Files\Java\jdk1.8.0_301\jre\lib\ext\sunmscapi.jar;C:\Program Files\Java\jdk1.8.0_301\jre\lib\ext\sunpkcs11.jar;C:\Program Files\Java\jdk1.8.0_301\jre\lib\ext\zipfs.jar;C:\Program Files\Java\jdk1.8.0_301\jre\lib\javaws.jar;C:\Program Files\Java\jdk1.8.0_301\jre\lib\jce.jar;C:\Program Files\Java\jdk1.8.0_301\jre\lib\jfr.jar;C:\Program Files\Java\jdk1.8.0_301\jre\lib\jfxswt.jar;C:\Program Files\Java\jdk1.8.0_301\jre\lib\jsse.jar;C:\Program Files\Java\jdk1.8.0_301\jre\lib\management-agent.jar;C:\Program Files\Java\jdk1.8.0_301\jre\lib\plugin.jar;C:\Program Files\Java\jdk1.8.0_301\jre\lib\resources.jar;C:\Program Files\Java\jdk1.8.0_301\jre\lib\rt.jar;G:\player\target\test-classes;G:\player\target\classes;C:\Users\Tayfun\.m2\repository\org\springframework\boot\spring-boot-starter-web\2.5.4\spring-boot-starter-web-2.5.4.jar;C:\Users\Tayfun\.m2\repository\org\springframework\boot\spring-boot-starter-json\2.5.4\spring-boot-starter-json-2.5.4.jar;C:\Users\Tayfun
Launcher Type: SUN_STANDARD

Environment Variables:
JAVA_HOME=C:\Program Files\Java\jdk-11.0.11
PATH=C:\Program Files\Microsoft MPI\Bin\;C:\Program Files\Common Files\Oracle\Java\javapath;C:\Program Files (x86)\Common Files\Oracle\Java\javapath;C:\Windows\system32;C:\Windows;C:\Windows\System32\Wbem;C:\Windows\System32\WindowsPowerShell\v1.0\;C:\Windows\System32\OpenSSH\;C:\Program Files\Git\cmd;C:\Program Files\nodejs\;C:\Program Files (x86)\NVIDIA Corporation\PhysX\Common;C:\Program Files (x86)\Intel\Intel(R) Management Engine Components\DAL;C:\Program Files\Intel\Intel(R) Management Engine Components\DAL;C:\Program Files\Java\jdk-11.0.11\bin;C:\apache-maven-3.8.1\bin;C:\Program Files (x86)\Google\Cloud SDK\google-cloud-sdk\bin;C:\Program Files (x86)\Microsoft SQL Server\130\Tools\Binn\;C:\Program Files\Microsoft SQL Server\130\Tools\Binn\;C:\Program Files (x86)\Microsoft SQL Server\130\DTS\Binn\;C:\Program Files\Microsoft SQL Server\130\DTS\Binn\;C:\Program Files\Microsoft SQL Server\Client SDK\ODBC\130\Tools\Binn\;C:\Program Files (x86)\Microsoft SQL Server\150\DTS\Binn\;C:\Program Files\TortoiseSVN\bin;C:\Program Files\PostgreSQL\11\bin;;C:\Program Files\Docker\Docker\resources\bin;C:\ProgramData\DockerDesktop\version-bin;C:\Program Files\PuTTY\;C:\Users\Tayfun\AppData\Local\Microsoft\WindowsApps;;C:\Users\Tayfun\AppData\Local\Programs\Microsoft VS Code\bin;C:\Program Files\JetBrains\IntelliJ IDEA 2020.2\bin;;C:\Users\Tayfun\AppData\Roaming\npm;C:\Program Files (x86)\GitHub CLI\;C:\Program Files\Azure Data Studio\bin
USERNAME=Tayfun
OS=Windows_NT
PROCESSOR_IDENTIFIER=Intel64 Family 6 Model 158 Stepping 9, GenuineIntel



---------------  S Y S T E M  ---------------

OS: Windows 10.0 , 64 bit Build 19041 (10.0.19041.1151)

CPU:total 8 (initial active 8) (4 cores per cpu, 2 threads per core) family 6 model 158 stepping 9, cmov, cx8, fxsr, mmx, sse, sse2, sse3, ssse3, sse4.1, sse4.2, popcnt, avx, avx2, aes, clmul, erms, rtm, 3dnowpref, lzcnt, ht, tsc, tscinvbit, bmi1, bmi2, adx

Memory: 4k page, physical 16625416k(3661080k free), swap 19697416k(6444k free)

vm_info: Java HotSpot(TM) 64-Bit Server VM (25.301-b09) for windows-amd64 JRE (1.8.0_301-b09), built on Jun  9 2021 06:46:21 by "java_re" with MS VC++ 15.9 (VS2017)

time: Mon Aug 30 00:37:27 2021
timezone: Türkiye Standart Saati
elapsed time: 12.610504 seconds (0d 0h 0m 12s)

